<?xml version="1.0" encoding="UTF-8"?>
<!-- Generated by org.testng.reporters.JUnitXMLReporter -->
<testsuite ignored="0" hostname="DESKTOP-0SGMT6V" failures="0" tests="7" name="Test" time="9.994" errors="0" timestamp="2023-10-13T20:25:02 AEDT">
  <testcase classname="test.PetApiTests" name="createPet" time="2.917"/>
  <testcase classname="test.PetApiTests" name="updatePet" time="1.227"/>
  <testcase classname="test.PetApiTests" name="findByStatus" time="1.167"/>
  <testcase classname="test.PetApiTests" name="findById" time="1.126"/>
  <testcase classname="test.PetApiTests" name="updateForm" time="1.13"/>
  <testcase classname="test.PetApiTests" name="uploadImage" time="1.206"/>
  <testcase classname="test.PetApiTests" name="deleteById" time="1.139"/>
</testsuite> <!-- Test -->
