<?xml version="1.0" encoding="UTF-8"?>
<testng-results ignored="0" total="1" passed="1" failed="0" skipped="0">
  <reporter-output>
  </reporter-output>
  <suite started-at="2023-10-13T18:44:07 AEDT" name="Suite" finished-at="2023-10-13T18:44:10 AEDT" duration-ms="3472">
    <groups>
    </groups>
    <test started-at="2023-10-13T18:44:07 AEDT" name="Test" finished-at="2023-10-13T18:44:10 AEDT" duration-ms="3472">
      <class name="test.PetApiTests">
        <test-method signature="createPet()[pri:0, instance:test.PetApiTests@3c22fc4c]" started-at="2023-10-13T18:44:07 AEDT" name="createPet" finished-at="2023-10-13T18:44:10 AEDT" duration-ms="3423" status="PASS">
          <reporter-output>
          </reporter-output>
        </test-method> <!-- createPet -->
      </class> <!-- test.PetApiTests -->
    </test> <!-- Test -->
  </suite> <!-- Suite -->
</testng-results>
