<?xml version="1.0" encoding="UTF-8"?>
<testng-results ignored="0" total="2" passed="2" failed="0" skipped="0">
  <reporter-output>
  </reporter-output>
  <suite started-at="2023-10-14T12:53:28 AEDT" name="Default suite" finished-at="2023-10-14T12:53:34 AEDT" duration-ms="5834">
    <groups>
    </groups>
    <test started-at="2023-10-14T12:53:28 AEDT" name="Default test" finished-at="2023-10-14T12:53:34 AEDT" duration-ms="5834">
      <class name="test.PetApiTests">
        <test-method signature="createPet()[pri:0, instance:test.PetApiTests@e15b7e8]" started-at="2023-10-14T12:53:28 AEDT" name="createPet" finished-at="2023-10-14T12:53:32 AEDT" duration-ms="3601" status="PASS">
          <reporter-output>
          </reporter-output>
        </test-method> <!-- createPet -->
        <test-method signature="deleteById()[pri:6, instance:test.PetApiTests@e15b7e8]" started-at="2023-10-14T12:53:32 AEDT" name="deleteById" finished-at="2023-10-14T12:53:34 AEDT" duration-ms="2199" status="PASS">
          <reporter-output>
          </reporter-output>
        </test-method> <!-- deleteById -->
      </class> <!-- test.PetApiTests -->
    </test> <!-- Default test -->
  </suite> <!-- Default suite -->
</testng-results>
