<?xml version="1.0" encoding="UTF-8"?>
<testng-results ignored="0" total="2" passed="2" failed="0" skipped="0">
  <reporter-output>
  </reporter-output>
  <suite started-at="2023-10-13T22:42:08 AEDT" name="Default suite" finished-at="2023-10-13T22:42:12 AEDT" duration-ms="4248">
    <groups>
    </groups>
    <test started-at="2023-10-13T22:42:08 AEDT" name="Default test" finished-at="2023-10-13T22:42:12 AEDT" duration-ms="4248">
      <class name="test.PetApiTests">
        <test-method signature="createPet()[pri:0, instance:test.PetApiTests@e15b7e8]" started-at="2023-10-13T22:42:08 AEDT" name="createPet" finished-at="2023-10-13T22:42:11 AEDT" duration-ms="2820" status="PASS">
          <reporter-output>
          </reporter-output>
        </test-method> <!-- createPet -->
        <test-method signature="uploadImage()[pri:5, instance:test.PetApiTests@e15b7e8]" started-at="2023-10-13T22:42:11 AEDT" name="uploadImage" finished-at="2023-10-13T22:42:12 AEDT" duration-ms="1384" status="PASS">
          <reporter-output>
          </reporter-output>
        </test-method> <!-- uploadImage -->
      </class> <!-- test.PetApiTests -->
    </test> <!-- Default test -->
  </suite> <!-- Default suite -->
</testng-results>
